<?xml version="1.0" encoding="UTF-8"?>
<!-- Generated by org.testng.reporters.JUnitReportReporter -->
<testsuite hostname="LAPTOP-4UBFDQIN" failures="0" tests="1" name="testPackage.TestClassNG$TestClass_TestNG" time="0.022" errors="0" timestamp="2022-09-09T11:47:07 IST" skipped="0">
  <testcase classname="testPackage.TestClassNG$TestClass_TestNG" name="TestA" time="0.022"/>
  <system-out/>
</testsuite> <!-- testPackage.TestClassNG$TestClass_TestNG -->
