<?xml version="1.0" encoding="UTF-8"?>
<!-- Generated by org.testng.reporters.JUnitReportReporter -->
<testsuite hostname="LAPTOP-4UBFDQIN" failures="0" tests="2" name="testPackage.TestNG$TestClass_TestNG" time="0.018" errors="0" timestamp="2022-09-11T19:19:34 IST" skipped="0">
  <testcase classname="testPackage.TestNG$TestClass_TestNG" name="TestB" time="0.014"/>
  <system-out/>
  <testcase classname="testPackage.TestNG$TestClass_TestNG" name="TestA" time="0.004"/>
  <system-out/>
</testsuite> <!-- testPackage.TestNG$TestClass_TestNG -->
